PLINK v1.90b7 64-bit (16 Jan 2023)
Options in effect:
  --allow-extra-chr
  --make-bed
  --out /scratch/dbihnam/lsc585/turtleProject/variants/filtered_AF/combined/merged237/pca/10/merged_combined
  --vcf /scratch/dbihnam/lsc585/turtleProject/variants/filtered_AF/combined/merged237/merged_combined.vcf

Hostname: sc019
Working directory: /scratch/dbihnam/lsc585/turtleProject/scripts
Start time: Sat Mar 29 16:39:31 2025

Random number seed: 1743291571
515558 MB RAM detected; reserving 257779 MB for main workspace.
--vcf:
/scratch/dbihnam/lsc585/turtleProject/variants/filtered_AF/combined/merged237/pca/10/merged_combined-temporary.bed
+
/scratch/dbihnam/lsc585/turtleProject/variants/filtered_AF/combined/merged237/pca/10/merged_combined-temporary.bim
+
/scratch/dbihnam/lsc585/turtleProject/variants/filtered_AF/combined/merged237/pca/10/merged_combined-temporary.fam
written.
120750 variants loaded from .bim file.
237 people (0 males, 0 females, 237 ambiguous) loaded from .fam.
Ambiguous sex IDs written to
/scratch/dbihnam/lsc585/turtleProject/variants/filtered_AF/combined/merged237/pca/10/merged_combined.nosex
.
Using 1 thread (no multithreaded calculations invoked).
Before main variant filters, 237 founders and 0 nonfounders present.
Calculating allele frequencies... done.
Total genotyping rate is 0.185322.
120750 variants and 237 people pass filters and QC.
Note: No phenotypes present.
--make-bed to
/scratch/dbihnam/lsc585/turtleProject/variants/filtered_AF/combined/merged237/pca/10/merged_combined.bed
+
/scratch/dbihnam/lsc585/turtleProject/variants/filtered_AF/combined/merged237/pca/10/merged_combined.bim
+
/scratch/dbihnam/lsc585/turtleProject/variants/filtered_AF/combined/merged237/pca/10/merged_combined.fam
... done.

End time: Sat Mar 29 16:39:32 2025
